2025-05-31 19:41:24.223 | INFO     | __main__:main:10 - Starting the model service
2025-05-31 19:41:24.226 | INFO     | model_service:load_model:25 - Loading model: cnn_model_state_dict.pth
2025-05-31 19:41:24.226 | WARNING  | model_service:load_model:29 - Model file models/cnn_model_state_dict.pth does not exist.                            Building a new model.
2025-05-31 19:41:24.226 | INFO     | model:build_model:20 - Building the CNN model
2025-05-31 19:41:24.226 | INFO     | preparation:prepare_data:9 - Preparing data from sign_mnist_train
2025-05-31 19:41:24.226 | INFO     | collection:load_data_from_db:23 - Loading data from database
2025-05-31 19:41:28.866 | INFO     | preparation:convert_array:26 - Converting DataFrame to numpy array
2025-05-31 19:41:28.891 | INFO     | preparation:split_labels:19 - Splitting labels from data
2025-05-31 19:41:28.899 | INFO     | preparation:reshape_data:32 - Reshaping data to fit model input
2025-05-31 19:41:28.900 | INFO     | preparation:convert_torch:38 - Converting data to PyTorch tensors
2025-05-31 19:41:28.901 | INFO     | preparation:prepare_data:9 - Preparing data from sign_mnist_test
2025-05-31 19:41:28.901 | INFO     | collection:load_data_from_db:23 - Loading data from database
2025-05-31 19:41:30.062 | INFO     | preparation:convert_array:26 - Converting DataFrame to numpy array
2025-05-31 19:41:30.068 | INFO     | preparation:split_labels:19 - Splitting labels from data
2025-05-31 19:41:30.070 | INFO     | preparation:reshape_data:32 - Reshaping data to fit model input
2025-05-31 19:41:30.070 | INFO     | preparation:convert_torch:38 - Converting data to PyTorch tensors
2025-05-31 19:41:30.070 | INFO     | model:split_data:75 - Splitting data into training and validation sets
2025-05-31 19:41:30.135 | INFO     | model:create_dataloader:86 - Creating DataLoader for the data
2025-05-31 19:41:30.361 | INFO     | model:create_dataloader:86 - Creating DataLoader for the data
2025-05-31 19:41:30.367 | INFO     | model:create_dataloader:86 - Creating DataLoader for the data
2025-05-31 19:41:30.371 | INFO     | model:train_model:103 - Starting model training
2025-05-31 19:41:42.534 | INFO     | model:train_model:135 - Epoch [1/25],                    Train Loss: 3.1896,                    Train Accuracy: 8.29%
2025-05-31 19:41:43.021 | INFO     | model:train_model:156 - Epoch [1/25], Val Loss: 3.1148,                    Val Accuracy: 19.92%
2025-05-31 19:41:54.076 | INFO     | model:train_model:135 - Epoch [2/25],                    Train Loss: 2.9733,                    Train Accuracy: 26.19%
2025-05-31 19:41:54.516 | INFO     | model:train_model:156 - Epoch [2/25], Val Loss: 2.8353,                    Val Accuracy: 36.51%
2025-05-31 19:42:05.531 | INFO     | model:train_model:135 - Epoch [3/25],                    Train Loss: 2.7363,                    Train Accuracy: 42.35%
2025-05-31 19:42:06.005 | INFO     | model:train_model:156 - Epoch [3/25], Val Loss: 2.6592,                    Val Accuracy: 50.66%
2025-05-31 19:42:17.018 | INFO     | model:train_model:135 - Epoch [4/25],                    Train Loss: 2.6230,                    Train Accuracy: 52.48%
2025-05-31 19:42:17.494 | INFO     | model:train_model:156 - Epoch [4/25], Val Loss: 2.5834,                    Val Accuracy: 57.99%
2025-05-31 19:42:28.560 | INFO     | model:train_model:135 - Epoch [5/25],                    Train Loss: 2.5761,                    Train Accuracy: 57.71%
2025-05-31 19:42:29.031 | INFO     | model:train_model:156 - Epoch [5/25], Val Loss: 2.5515,                    Val Accuracy: 61.12%
2025-05-31 19:42:40.058 | INFO     | model:train_model:135 - Epoch [6/25],                    Train Loss: 2.5438,                    Train Accuracy: 62.16%
2025-05-31 19:42:40.509 | INFO     | model:train_model:156 - Epoch [6/25], Val Loss: 2.5237,                    Val Accuracy: 63.78%
2025-05-31 19:42:51.552 | INFO     | model:train_model:135 - Epoch [7/25],                    Train Loss: 2.5135,                    Train Accuracy: 65.92%
2025-05-31 19:42:52.006 | INFO     | model:train_model:156 - Epoch [7/25], Val Loss: 2.4947,                    Val Accuracy: 69.24%
2025-05-31 19:43:03.020 | INFO     | model:train_model:135 - Epoch [8/25],                    Train Loss: 2.4945,                    Train Accuracy: 68.99%
2025-05-31 19:43:03.498 | INFO     | model:train_model:156 - Epoch [8/25], Val Loss: 2.4785,                    Val Accuracy: 70.17%
2025-05-31 19:43:14.647 | INFO     | model:train_model:135 - Epoch [9/25],                    Train Loss: 2.4791,                    Train Accuracy: 71.34%
2025-05-31 19:43:15.136 | INFO     | model:train_model:156 - Epoch [9/25], Val Loss: 2.4690,                    Val Accuracy: 72.26%
2025-05-31 19:43:26.210 | INFO     | model:train_model:135 - Epoch [10/25],                    Train Loss: 2.4674,                    Train Accuracy: 72.93%
2025-05-31 19:43:26.684 | INFO     | model:train_model:156 - Epoch [10/25], Val Loss: 2.4544,                    Val Accuracy: 74.90%
2025-05-31 19:43:37.694 | INFO     | model:train_model:135 - Epoch [11/25],                    Train Loss: 2.4597,                    Train Accuracy: 75.00%
2025-05-31 19:43:38.134 | INFO     | model:train_model:156 - Epoch [11/25], Val Loss: 2.4543,                    Val Accuracy: 76.02%
2025-05-31 19:43:49.194 | INFO     | model:train_model:135 - Epoch [12/25],                    Train Loss: 2.4531,                    Train Accuracy: 76.48%
2025-05-31 19:43:49.650 | INFO     | model:train_model:156 - Epoch [12/25], Val Loss: 2.4422,                    Val Accuracy: 78.44%
2025-05-31 19:44:00.708 | INFO     | model:train_model:135 - Epoch [13/25],                    Train Loss: 2.4448,                    Train Accuracy: 77.57%
2025-05-31 19:44:01.181 | INFO     | model:train_model:156 - Epoch [13/25], Val Loss: 2.4295,                    Val Accuracy: 80.28%
2025-05-31 19:44:12.206 | INFO     | model:train_model:135 - Epoch [14/25],                    Train Loss: 2.4436,                    Train Accuracy: 78.77%
2025-05-31 19:44:12.687 | INFO     | model:train_model:156 - Epoch [14/25], Val Loss: 2.4350,                    Val Accuracy: 79.64%
2025-05-31 19:44:23.694 | INFO     | model:train_model:135 - Epoch [15/25],                    Train Loss: 2.4370,                    Train Accuracy: 79.15%
2025-05-31 19:44:24.167 | INFO     | model:train_model:156 - Epoch [15/25], Val Loss: 2.4192,                    Val Accuracy: 80.86%
2025-05-31 19:44:35.427 | INFO     | model:train_model:135 - Epoch [16/25],                    Train Loss: 2.4236,                    Train Accuracy: 80.21%
2025-05-31 19:44:35.908 | INFO     | model:train_model:156 - Epoch [16/25], Val Loss: 2.4121,                    Val Accuracy: 83.10%
2025-05-31 19:44:46.863 | INFO     | model:train_model:135 - Epoch [17/25],                    Train Loss: 2.4298,                    Train Accuracy: 80.35%
2025-05-31 19:44:47.316 | INFO     | model:train_model:156 - Epoch [17/25], Val Loss: 2.4215,                    Val Accuracy: 82.41%
2025-05-31 19:44:58.423 | INFO     | model:train_model:135 - Epoch [18/25],                    Train Loss: 2.4212,                    Train Accuracy: 80.79%
2025-05-31 19:44:58.885 | INFO     | model:train_model:156 - Epoch [18/25], Val Loss: 2.4204,                    Val Accuracy: 82.13%
2025-05-31 19:45:10.047 | INFO     | model:train_model:135 - Epoch [19/25],                    Train Loss: 2.4170,                    Train Accuracy: 81.78%
2025-05-31 19:45:10.517 | INFO     | model:train_model:156 - Epoch [19/25], Val Loss: 2.4145,                    Val Accuracy: 83.39%
2025-05-31 19:45:21.595 | INFO     | model:train_model:135 - Epoch [20/25],                    Train Loss: 2.4319,                    Train Accuracy: 79.89%
2025-05-31 19:45:22.077 | INFO     | model:train_model:156 - Epoch [20/25], Val Loss: 2.4200,                    Val Accuracy: 83.96%
2025-05-31 19:45:33.172 | INFO     | model:train_model:135 - Epoch [21/25],                    Train Loss: 2.4041,                    Train Accuracy: 83.24%
2025-05-31 19:45:33.650 | INFO     | model:train_model:156 - Epoch [21/25], Val Loss: 2.3977,                    Val Accuracy: 84.90%
2025-05-31 19:45:44.670 | INFO     | model:train_model:135 - Epoch [22/25],                    Train Loss: 2.4027,                    Train Accuracy: 83.23%
2025-05-31 19:45:45.157 | INFO     | model:train_model:156 - Epoch [22/25], Val Loss: 2.4018,                    Val Accuracy: 85.16%
2025-05-31 19:45:56.179 | INFO     | model:train_model:135 - Epoch [23/25],                    Train Loss: 2.4008,                    Train Accuracy: 83.45%
2025-05-31 19:45:56.650 | INFO     | model:train_model:156 - Epoch [23/25], Val Loss: 2.3952,                    Val Accuracy: 86.38%
2025-05-31 19:46:07.707 | INFO     | model:train_model:135 - Epoch [24/25],                    Train Loss: 2.3967,                    Train Accuracy: 84.37%
2025-05-31 19:46:08.174 | INFO     | model:train_model:156 - Epoch [24/25], Val Loss: 2.3889,                    Val Accuracy: 86.36%
2025-05-31 19:46:19.359 | INFO     | model:train_model:135 - Epoch [25/25],                    Train Loss: 2.3946,                    Train Accuracy: 85.16%
2025-05-31 19:46:19.841 | INFO     | model:train_model:156 - Epoch [25/25], Val Loss: 2.4027,                    Val Accuracy: 86.63%
2025-05-31 19:46:19.841 | INFO     | model:train_model:163 - Model training completed
2025-05-31 19:46:19.841 | INFO     | model:evaluate_model:171 - Evaluating model on test data
2025-05-31 19:46:20.568 | INFO     | model:evaluate_model:190 - Test Loss: 2.4431,                    Test Accuracy: 79.59%
2025-05-31 19:46:20.568 | INFO     | model:save_model:200 - Saving model to models/cnn_model_state_dict.pth
2025-05-31 19:46:20.613 | INFO     | model_service:predict:45 - Starting prediction
2025-05-31 19:46:20.660 | INFO     | __main__:main:92 - Prediction result: [15]
